
> frontend@0.1.0 dev
> next dev

▲ Next.js 16.2.1 (Turbopack)
- Local:         http://localhost:3000
- Network:       http://192.168.1.80:3000
✓ Ready in 1261ms

 GET / 200 in 1655ms (next.js: 750ms, application-code: 905ms)
[browser] [Marketplace] Failed to fetch tracks: TypeError: Failed to fetch
    at getMarketTracks (file://E:/Sem-6 Project/music-lab/frontend/.next/dev/static/chunks/src_0.jj860._.js:1570:28)
    at MarketplaceView.useEffect (file://E:/Sem-6 Project/music-lab/frontend/.next/dev/static/chunks/src_0.jj860._.js:1623:169)
    at Object.react_stack_bottom_frame (file://E:/Sem-6 Project/music-lab/frontend/.next/dev/static/chunks/node_modules_next_dist_compiled_react-dom_058-ah~._.js:15087:22)
    at runWithFiberInDEV (file://E:/Sem-6 Project/music-lab/frontend/.next/dev/static/chunks/node_modules_next_dist_compiled_react-dom_058-ah~._.js:965:74)
    at commitHookEffectListMount (file://E:/Sem-6 Project/music-lab/frontend/.next/dev/static/chunks/node_modules_next_dist_compiled_react-dom_058-ah~._.js:7255:167)
    at commitHookPassiveMountEffects (file://E:/Sem-6 Project/music-lab/frontend/.next/dev/static/chunks/node_modules_next_dist_compiled_react-dom_058-ah~._.js:7290:60)
    at reconnectPassiveEffects (file://E:/Sem-6 Project/music-lab/frontend/.next/dev/static/chunks/node_modules_next_dist_compiled_react-dom_058-ah~._.js:8779:17)
    at doubleInvokeEffectsOnFiber (file://E:/Sem-6 Project/music-lab/frontend/.next/dev/static/chunks/node_modules_next_dist_compiled_react-dom_058-ah~._.js:10117:133)
    at runWithFiberInDEV (file://E:/Sem-6 Project/music-lab/frontend/.next/dev/static/chunks/node_modules_next_dist_compiled_react-dom_058-ah~._.js:965:74)
    at recursivelyTraverseAndDoubleInvokeEffectsInDEV (file://E:/Sem-6 Project/music-lab/frontend/.next/dev/static/chunks/node_modules_next_dist_compiled_react-dom_058-ah~._.js:10110:79)
    at recursivelyTraverseAndDoubleInvokeEffectsInDEV (file://E:/Sem-6 Project/music-lab/frontend/.next/dev/static/chunks/node_modules_next_dist_compiled_react-dom_058-ah~._.js:10110:147)
    at recursivelyTraverseAndDoubleInvokeEffectsInDEV (file://E:/Sem-6 Project/music-lab/frontend/.next/dev/static/chunks/node_modules_next_dist_compiled_react-dom_058-ah~._.js:10110:147)
    at recursivelyTraverseAndDoubleInvokeEffectsInDEV (file://E:/Sem-6 Project/music-lab/frontend/.next/dev/static/chunks/node_modules_next_dist_compiled_react-dom_058-ah~._.js:10110:147)
    at recursivelyTraverseAndDoubleInvokeEffectsInDEV (file://E:/Sem-6 Project/music-lab/frontend/.next/dev/static/chunks/node_modules_next_dist_compiled_react-dom_058-ah~._.js:10110:147)
    at recursivelyTraverseAndDoubleInvokeEffectsInDEV (file://E:/Sem-6 Project/music-lab/frontend/.next/dev/static/chunks/node_modules_next_dist_compiled_react-dom_058-ah~._.js:10110:147)
    at recursivelyTraverseAndDoubleInvokeEffectsInDEV (file://E:/Sem-6 Project/music-lab/frontend/.next/dev/static/chunks/node_modules_next_dist_compiled_react-dom_058-ah~._.js:10110:147)
    at recursivelyTraverseAndDoubleInvokeEffectsInDEV (file://E:/Sem-6 Project/music-lab/frontend/.next/dev/static/chunks/node_modules_next_dist_compiled_react-dom_058-ah~._.js:10110:147)
    at recursivelyTraverseAndDoubleInvokeEffectsInDEV (file://E:/Sem-6 Project/music-lab/frontend/.next/dev/static/chunks/node_modules_next_dist_compiled_react-dom_058-ah~._.js:10110:147)
    at recursivelyTraverseAndDoubleInvokeEffectsInDEV (file://E:/Sem-6 Project/music-lab/frontend/.next/dev/static/chunks/node_modules_next_dist_compiled_react-dom_058-ah~._.js:10110:147)
    at recursivelyTraverseAndDoubleInvokeEffectsInDEV (file://E:/Sem-6 Project/music-lab/frontend/.next/dev/static/chunks/node_modules_next_dist_compiled_react-dom_058-ah~._.js:10110:147)
    at recursivelyTraverseAndDoubleInvokeEffectsInDEV (file://E:/Sem-6 Project/music-lab/frontend/.next/dev/static/chunks/node_modules_next_dist_compiled_react-dom_058-ah~._.js:10110:147)
    at recursivelyTraverseAndDoubleInvokeEffectsInDEV (file://E:/Sem-6 Project/music-lab/frontend/.next/dev/static/chunks/node_modules_next_dist_compiled_react-dom_058-ah~._.js:10110:147)
    at recursivelyTraverseAndDoubleInvokeEffectsInDEV (file://E:/Sem-6 Project/music-lab/frontend/.next/dev/static/chunks/node_modules_next_dist_compiled_react-dom_058-ah~._.js:10110:147)
    at recursivelyTraverseAndDoubleInvokeEffectsInDEV (file://E:/Sem-6 Project/music-lab/frontend/.next/dev/static/chunks/node_modules_next_dist_compiled_react-dom_058-ah~._.js:10110:147)
    at recursivelyTraverseAndDoubleInvokeEffectsInDEV (file://E:/Sem-6 Project/music-lab/frontend/.next/dev/static/chunks/node_modules_next_dist_compiled_react-dom_058-ah~._.js:10110:147)
    at recursivelyTraverseAndDoubleInvokeEffectsInDEV (file://E:/Sem-6 Project/music-lab/frontend/.next/dev/static/chunks/node_modules_next_dist_compiled_react-dom_058-ah~._.js:10110:147)
    at recursivelyTraverseAndDoubleInvokeEffectsInDEV (file://E:/Sem-6 Project/music-lab/frontend/.next/dev/static/chunks/node_modules_next_dist_compiled_react-dom_058-ah~._.js:10110:147)
    at recursivelyTraverseAndDoubleInvokeEffectsInDEV (file://E:/Sem-6 Project/music-lab/frontend/.next/dev/static/chunks/node_modules_next_dist_compiled_react-dom_058-ah~._.js:10110:147)
    at recursivelyTraverseAndDoubleInvokeEffectsInDEV (file://E:/Sem-6 Project/music-lab/frontend/.next/dev/static/chunks/node_modules_next_dist_compiled_react-dom_058-ah~._.js:10110:147)
    at recursivelyTraverseAndDoubleInvokeEffectsInDEV (file://E:/Sem-6 Project/music-lab/frontend/.next/dev/static/chunks/node_modules_next_dist_compiled_react-dom_058-ah~._.js:10110:147)
    at recursivelyTraverseAndDoubleInvokeEffectsInDEV (file://E:/Sem-6 Project/music-lab/frontend/.next/dev/static/chunks/node_modules_next_dist_compiled_react-dom_058-ah~._.js:10110:147)
    at recursivelyTraverseAndDoubleInvokeEffectsInDEV (file://E:/Sem-6 Project/music-lab/frontend/.next/dev/static/chunks/node_modules_next_dist_compiled_react-dom_058-ah~._.js:10110:147)
    at recursivelyTraverseAndDoubleInvokeEffectsInDEV (file://E:/Sem-6 Project/music-lab/frontend/.next/dev/static/chunks/node_modules_next_dist_compiled_react-dom_058-ah~._.js:10110:147)
    at recursivelyTraverseAndDoubleInvokeEffectsInDEV (file://E:/Sem-6 Project/music-lab/frontend/.next/dev/static/chunks/node_modules_next_dist_compiled_react-dom_058-ah~._.js:10110:147)
    at recursivelyTraverseAndDoubleInvokeEffectsInDEV (file://E:/Sem-6 Project/music-lab/frontend/.next/dev/static/chunks/node_modules_next_dist_compiled_react-dom_058-ah~._.js:10110:147)
    at recursivelyTraverseAndDoubleInvokeEffectsInDEV (file://E:/Sem-6 Project/music-lab/frontend/.next/dev/static/chunks/node_modules_next_dist_compiled_react-dom_058-ah~._.js:10110:147)
    at recursivelyTraverseAndDoubleInvokeEffectsInDEV (file://E:/Sem-6 Project/music-lab/frontend/.next/dev/static/chunks/node_modules_next_dist_compiled_react-dom_058-ah~._.js:10110:147)
    at recursivelyTraverseAndDoubleInvokeEffectsInDEV (file://E:/Sem-6 Project/music-lab/frontend/.next/dev/static/chunks/node_modules_next_dist_compiled_react-dom_058-ah~._.js:10110:147)
    at recursivelyTraverseAndDoubleInvokeEffectsInDEV (file://E:/Sem-6 Project/music-lab/frontend/.next/dev/static/chunks/node_modules_next_dist_compiled_react-dom_058-ah~._.js:10110:147)
    at recursivelyTraverseAndDoubleInvokeEffectsInDEV (file://E:/Sem-6 Project/music-lab/frontend/.next/dev/static/chunks/node_modules_next_dist_compiled_react-dom_058-ah~._.js:10110:147)
    at recursivelyTraverseAndDoubleInvokeEffectsInDEV (file://E:/Sem-6 Project/music-lab/frontend/.next/dev/static/chunks/node_modules_next_dist_compiled_react-dom_058-ah~._.js:10110:147)
    at recursivelyTraverseAndDoubleInvokeEffectsInDEV (file://E:/Sem-6 Project/music-lab/frontend/.next/dev/static/chunks/node_modules_next_dist_compiled_react-dom_058-ah~._.js:10110:147)
    at recursivelyTraverseAndDoubleInvokeEffectsInDEV (file://E:/Sem-6 Project/music-lab/frontend/.next/dev/static/chunks/node_modules_next_dist_compiled_react-dom_058-ah~._.js:10110:147)
    at recursivelyTraverseAndDoubleInvokeEffectsInDEV (file://E:/Sem-6 Project/music-lab/frontend/.next/dev/static/chunks/node_modules_next_dist_compiled_react-dom_058-ah~._.js:10110:147)
    at recursivelyTraverseAndDoubleInvokeEffectsInDEV (file://E:/Sem-6 Project/music-lab/frontend/.next/dev/static/chunks/node_modules_next_dist_compiled_react-dom_058-ah~._.js:10110:147)
    at recursivelyTraverseAndDoubleInvokeEffectsInDEV (file://E:/Sem-6 Project/music-lab/frontend/.next/dev/static/chunks/node_modules_next_dist_compiled_react-dom_058-ah~._.js:10110:147)
    at recursivelyTraverseAndDoubleInvokeEffectsInDEV (file://E:/Sem-6 Project/music-lab/frontend/.next/dev/static/chunks/node_modules_next_dist_compiled_react-dom_058-ah~._.js:10110:147)
    at recursivelyTraverseAndDoubleInvokeEffectsInDEV (file://E:/Sem-6 Project/music-lab/frontend/.next/dev/static/chunks/node_modules_next_dist_compiled_react-dom_058-ah~._.js:10110:147)
    at recursivelyTraverseAndDoubleInvokeEffectsInDEV (file://E:/Sem-6 Project/music-lab/frontend/.next/dev/static/chunks/node_modules_next_dist_compiled_react-dom_058-ah~._.js:10110:147)
    at recursivelyTraverseAndDoubleInvokeEffectsInDEV (file://E:/Sem-6 Project/music-lab/frontend/.next/dev/static/chunks/node_modules_next_dist_compiled_react-dom_058-ah~._.js:10110:147) (file://E:/Sem-6 Project/music-lab/frontend/.next/dev/static/chunks/src_0.jj860._.js:1624:61)
[browser] [Marketplace] Failed to fetch tracks: TypeError: Failed to fetch
    at getMarketTracks (file://E:/Sem-6 Project/music-lab/frontend/.next/dev/static/chunks/src_0.jj860._.js:1570:28)
    at MarketplaceView.useEffect (file://E:/Sem-6 Project/music-lab/frontend/.next/dev/static/chunks/src_0.jj860._.js:1623:169)
    at Object.react_stack_bottom_frame (file://E:/Sem-6 Project/music-lab/frontend/.next/dev/static/chunks/node_modules_next_dist_compiled_react-dom_058-ah~._.js:15087:22)
    at runWithFiberInDEV (file://E:/Sem-6 Project/music-lab/frontend/.next/dev/static/chunks/node_modules_next_dist_compiled_react-dom_058-ah~._.js:965:74)
    at commitHookEffectListMount (file://E:/Sem-6 Project/music-lab/frontend/.next/dev/static/chunks/node_modules_next_dist_compiled_react-dom_058-ah~._.js:7255:167)
    at commitHookPassiveMountEffects (file://E:/Sem-6 Project/music-lab/frontend/.next/dev/static/chunks/node_modules_next_dist_compiled_react-dom_058-ah~._.js:7290:60)
    at commitPassiveMountOnFiber (file://E:/Sem-6 Project/music-lab/frontend/.next/dev/static/chunks/node_modules_next_dist_compiled_react-dom_058-ah~._.js:8689:33)
    at recursivelyTraversePassiveMountEffects (file://E:/Sem-6 Project/music-lab/frontend/.next/dev/static/chunks/node_modules_next_dist_compiled_react-dom_058-ah~._.js:8676:316)
    at commitPassiveMountOnFiber (file://E:/Sem-6 Project/music-lab/frontend/.next/dev/static/chunks/node_modules_next_dist_compiled_react-dom_058-ah~._.js:8750:17)
    at recursivelyTraversePassiveMountEffects (file://E:/Sem-6 Project/music-lab/frontend/.next/dev/static/chunks/node_modules_next_dist_compiled_react-dom_058-ah~._.js:8676:316)
    at commitPassiveMountOnFiber (file://E:/Sem-6 Project/music-lab/frontend/.next/dev/static/chunks/node_modules_next_dist_compiled_react-dom_058-ah~._.js:8688:17)
    at recursivelyTraversePassiveMountEffects (file://E:/Sem-6 Project/music-lab/frontend/.next/dev/static/chunks/node_modules_next_dist_compiled_react-dom_058-ah~._.js:8676:316)
    at commitPassiveMountOnFiber (file://E:/Sem-6 Project/music-lab/frontend/.next/dev/static/chunks/node_modules_next_dist_compiled_react-dom_058-ah~._.js:8688:17)
    at recursivelyTraversePassiveMountEffects (file://E:/Sem-6 Project/music-lab/frontend/.next/dev/static/chunks/node_modules_next_dist_compiled_react-dom_058-ah~._.js:8676:316)
    at commitPassiveMountOnFiber (file://E:/Sem-6 Project/music-lab/frontend/.next/dev/static/chunks/node_modules_next_dist_compiled_react-dom_058-ah~._.js:8688:17)
    at recursivelyTraversePassiveMountEffects (file://E:/Sem-6 Project/music-lab/frontend/.next/dev/static/chunks/node_modules_next_dist_compiled_react-dom_058-ah~._.js:8676:316)
    at commitPassiveMountOnFiber (file://E:/Sem-6 Project/music-lab/frontend/.next/dev/static/chunks/node_modules_next_dist_compiled_react-dom_058-ah~._.js:8750:17)
    at recursivelyTraversePassiveMountEffects (file://E:/Sem-6 Project/music-lab/frontend/.next/dev/static/chunks/node_modules_next_dist_compiled_react-dom_058-ah~._.js:8676:316)
    at commitPassiveMountOnFiber (file://E:/Sem-6 Project/music-lab/frontend/.next/dev/static/chunks/node_modules_next_dist_compiled_react-dom_058-ah~._.js:8750:17)
    at recursivelyTraversePassiveMountEffects (file://E:/Sem-6 Project/music-lab/frontend/.next/dev/static/chunks/node_modules_next_dist_compiled_react-dom_058-ah~._.js:8676:316)
    at commitPassiveMountOnFiber (file://E:/Sem-6 Project/music-lab/frontend/.next/dev/static/chunks/node_modules_next_dist_compiled_react-dom_058-ah~._.js:8688:17)
    at recursivelyTraversePassiveMountEffects (file://E:/Sem-6 Project/music-lab/frontend/.next/dev/static/chunks/node_modules_next_dist_compiled_react-dom_058-ah~._.js:8676:316)
    at commitPassiveMountOnFiber (file://E:/Sem-6 Project/music-lab/frontend/.next/dev/static/chunks/node_modules_next_dist_compiled_react-dom_058-ah~._.js:8693:17)
    at recursivelyTraversePassiveMountEffects (file://E:/Sem-6 Project/music-lab/frontend/.next/dev/static/chunks/node_modules_next_dist_compiled_react-dom_058-ah~._.js:8676:316)
    at commitPassiveMountOnFiber (file://E:/Sem-6 Project/music-lab/frontend/.next/dev/static/chunks/node_modules_next_dist_compiled_react-dom_058-ah~._.js:8688:17)
    at recursivelyTraversePassiveMountEffects (file://E:/Sem-6 Project/music-lab/frontend/.next/dev/static/chunks/node_modules_next_dist_compiled_react-dom_058-ah~._.js:8676:316)
    at commitPassiveMountOnFiber (file://E:/Sem-6 Project/music-lab/frontend/.next/dev/static/chunks/node_modules_next_dist_compiled_react-dom_058-ah~._.js:8693:17)
    at recursivelyTraversePassiveMountEffects (file://E:/Sem-6 Project/music-lab/frontend/.next/dev/static/chunks/node_modules_next_dist_compiled_react-dom_058-ah~._.js:8676:316)
    at commitPassiveMountOnFiber (file://E:/Sem-6 Project/music-lab/frontend/.next/dev/static/chunks/node_modules_next_dist_compiled_react-dom_058-ah~._.js:8688:17)
    at recursivelyTraversePassiveMountEffects (file://E:/Sem-6 Project/music-lab/frontend/.next/dev/static/chunks/node_modules_next_dist_compiled_react-dom_058-ah~._.js:8676:316)
    at commitPassiveMountOnFiber (file://E:/Sem-6 Project/music-lab/frontend/.next/dev/static/chunks/node_modules_next_dist_compiled_react-dom_058-ah~._.js:8688:17)
    at recursivelyTraversePassiveMountEffects (file://E:/Sem-6 Project/music-lab/frontend/.next/dev/static/chunks/node_modules_next_dist_compiled_react-dom_058-ah~._.js:8676:316)
    at commitPassiveMountOnFiber (file://E:/Sem-6 Project/music-lab/frontend/.next/dev/static/chunks/node_modules_next_dist_compiled_react-dom_058-ah~._.js:8688:17)
    at recursivelyTraversePassiveMountEffects (file://E:/Sem-6 Project/music-lab/frontend/.next/dev/static/chunks/node_modules_next_dist_compiled_react-dom_058-ah~._.js:8676:316)
    at commitPassiveMountOnFiber (file://E:/Sem-6 Project/music-lab/frontend/.next/dev/static/chunks/node_modules_next_dist_compiled_react-dom_058-ah~._.js:8693:17)
    at recursivelyTraversePassiveMountEffects (file://E:/Sem-6 Project/music-lab/frontend/.next/dev/static/chunks/node_modules_next_dist_compiled_react-dom_058-ah~._.js:8676:316)
    at commitPassiveMountOnFiber (file://E:/Sem-6 Project/music-lab/frontend/.next/dev/static/chunks/node_modules_next_dist_compiled_react-dom_058-ah~._.js:8688:17)
    at recursivelyTraversePassiveMountEffects (file://E:/Sem-6 Project/music-lab/frontend/.next/dev/static/chunks/node_modules_next_dist_compiled_react-dom_058-ah~._.js:8676:316)
    at commitPassiveMountOnFiber (file://E:/Sem-6 Project/music-lab/frontend/.next/dev/static/chunks/node_modules_next_dist_compiled_react-dom_058-ah~._.js:8688:17)
    at recursivelyTraversePassiveMountEffects (file://E:/Sem-6 Project/music-lab/frontend/.next/dev/static/chunks/node_modules_next_dist_compiled_react-dom_058-ah~._.js:8676:316)
    at commitPassiveMountOnFiber (file://E:/Sem-6 Project/music-lab/frontend/.next/dev/static/chunks/node_modules_next_dist_compiled_react-dom_058-ah~._.js:8750:17)
    at recursivelyTraversePassiveMountEffects (file://E:/Sem-6 Project/music-lab/frontend/.next/dev/static/chunks/node_modules_next_dist_compiled_react-dom_058-ah~._.js:8676:316)
    at commitPassiveMountOnFiber (file://E:/Sem-6 Project/music-lab/frontend/.next/dev/static/chunks/node_modules_next_dist_compiled_react-dom_058-ah~._.js:8750:17)
    at recursivelyTraversePassiveMountEffects (file://E:/Sem-6 Project/music-lab/frontend/.next/dev/static/chunks/node_modules_next_dist_compiled_react-dom_058-ah~._.js:8676:316)
    at commitPassiveMountOnFiber (file://E:/Sem-6 Project/music-lab/frontend/.next/dev/static/chunks/node_modules_next_dist_compiled_react-dom_058-ah~._.js:8688:17)
    at recursivelyTraversePassiveMountEffects (file://E:/Sem-6 Project/music-lab/frontend/.next/dev/static/chunks/node_modules_next_dist_compiled_react-dom_058-ah~._.js:8676:316)
    at commitPassiveMountOnFiber (file://E:/Sem-6 Project/music-lab/frontend/.next/dev/static/chunks/node_modules_next_dist_compiled_react-dom_058-ah~._.js:8688:17)
    at recursivelyTraversePassiveMountEffects (file://E:/Sem-6 Project/music-lab/frontend/.next/dev/static/chunks/node_modules_next_dist_compiled_react-dom_058-ah~._.js:8676:316)
    at commitPassiveMountOnFiber (file://E:/Sem-6 Project/music-lab/frontend/.next/dev/static/chunks/node_modules_next_dist_compiled_react-dom_058-ah~._.js:8750:17)
    at recursivelyTraversePassiveMountEffects (file://E:/Sem-6 Project/music-lab/frontend/.next/dev/static/chunks/node_modules_next_dist_compiled_react-dom_058-ah~._.js:8676:316) (file://E:/Sem-6 Project/music-lab/frontend/.next/dev/static/chunks/src_0.jj860._.js:1624:61)
[browser] ⨯ unhandledRejection: i: Failed to connect to MetaMask
    at Object.connect (chrome-extension://nkbihfbeogaeaoehlefnkodbefgpgknn/scripts/inpage.js:1:63541)
    at async s (chrome-extension://nkbihfbeogaeaoehlefnkodbefgpgknn/scripts/inpage.js:1:61044)
[browser] [StudioLayout] Upload failed: TypeError: Failed to fetch
    at uploadAudioFile (file://E:/Sem-6 Project/music-lab/frontend/.next/dev/static/chunks/src_0.jj860._.js:387:28)
    at StudioLayout.useCallback[handleFileUpload] (file://E:/Sem-6 Project/music-lab/frontend/.next/dev/static/chunks/src_0.jj860._.js:839:199) (file://E:/Sem-6 Project/music-lab/frontend/.next/dev/static/chunks/src_0.jj860._.js:871:25)
Terminate batch job (Y/N)? [?25h

^C